# JRE version: Java(TM) SE Runtime Environment (17.0.8+9) (build 17.0.8+9-LTS-211)
# Java VM: Java HotSpot(TM) 64-Bit Server VM (17.0.8+9-LTS-211, mixed mode, sharing, tiered, compressed oops, compressed class ptrs, g1 gc, windows-amd64)
GC Precious Log:
 CPUs: 12 total, 12 available
 Memory: 6005M
 Large Page Support: Disabled
 NUMA Support: Disabled
 Compressed Oops: Enabled (32-bit)
 Heap Region Size: 1M
 Heap Min Capacity: 8M
 Heap Initial Capacity: 94M
 Heap Max Capacity: 1502M
 Pre-touch: Disabled
 Parallel Workers: 10
 Concurrent Workers: 3
 Concurrent Refinement Workers: 10
 Periodic GC: Disabled
Heap:
 garbage-first heap   total 122880K, used 79871K [0x00000000a2200000, 0x0000000100000000)
  region size 1024K, 41 young (41984K), 4 survivors (4096K)
 Metaspace       used 88911K, committed 89600K, reserved 1179648K
  class space    used 11623K, committed 11968K, reserved 1048576K
GC Heap History (20 events):
Event: 1722.072 GC heap before
{Heap before GC invocations=79 (full 2):
 garbage-first heap   total 82944K, used 64177K [0x00000000a2200000, 0x0000000100000000)
  region size 1024K, 27 young (27648K), 2 survivors (2048K)
 Metaspace       used 87130K, committed 87744K, reserved 1179648K
  class space    used 11490K, committed 11776K, reserved 1048576K
}
Event: 1722.076 GC heap after
{Heap after GC invocations=80 (full 2):
 garbage-first heap   total 82944K, used 40254K [0x00000000a2200000, 0x0000000100000000)
  region size 1024K, 4 young (4096K), 4 survivors (4096K)
 Metaspace       used 87130K, committed 87744K, reserved 1179648K
  class space    used 11490K, committed 11776K, reserved 1048576K
}
Event: 1722.296 GC heap before
{Heap before GC invocations=81 (full 2):
 garbage-first heap   total 82944K, used 64830K [0x00000000a2200000, 0x0000000100000000)
  region size 1024K, 28 young (28672K), 4 survivors (4096K)
 Metaspace       used 87350K, committed 87936K, reserved 1179648K
  class space    used 11505K, committed 11776K, reserved 1048576K
}
Event: 1722.300 GC heap after
{Heap after GC invocations=82 (full 2):
 garbage-first heap   total 82944K, used 40902K [0x00000000a2200000, 0x0000000100000000)
  region size 1024K, 3 young (3072K), 3 survivors (3072K)
 Metaspace       used 87350K, committed 87936K, reserved 1179648K
  class space    used 11505K, committed 11776K, reserved 1048576K
}
Event: 1722.303 GC heap before
{Heap before GC invocations=82 (full 2):
 garbage-first heap   total 82944K, used 41926K [0x00000000a2200000, 0x0000000100000000)
  region size 1024K, 4 young (4096K), 3 survivors (3072K)
 Metaspace       used 87350K, committed 87936K, reserved 1179648K
  class space    used 11505K, committed 11776K, reserved 1048576K
}
Event: 1722.306 GC heap after
{Heap after GC invocations=83 (full 2):
 garbage-first heap   total 122880K, used 40216K [0x00000000a2200000, 0x0000000100000000)
  region size 1024K, 1 young (1024K), 1 survivors (1024K)
 Metaspace       used 87350K, committed 87936K, reserved 1179648K
  class space    used 11505K, committed 11776K, reserved 1048576K
}
Event: 1725.151 GC heap before
{Heap before GC invocations=83 (full 2):
 garbage-first heap   total 122880K, used 94488K [0x00000000a2200000, 0x0000000100000000)
  region size 1024K, 54 young (55296K), 1 survivors (1024K)
 Metaspace       used 87596K, committed 88256K, reserved 1179648K
  class space    used 11522K, committed 11840K, reserved 1048576K
}
Event: 1725.156 GC heap after
{Heap after GC invocations=84 (full 2):
 garbage-first heap   total 122880K, used 42285K [0x00000000a2200000, 0x0000000100000000)
  region size 1024K, 3 young (3072K), 3 survivors (3072K)
 Metaspace       used 87596K, committed 88256K, reserved 1179648K
  class space    used 11522K, committed 11840K, reserved 1048576K
}
Event: 1732.554 GC heap before
{Heap before GC invocations=85 (full 2):
 garbage-first heap   total 122880K, used 95533K [0x00000000a2200000, 0x0000000100000000)
  region size 1024K, 55 young (56320K), 3 survivors (3072K)
 Metaspace       used 87615K, committed 88256K, reserved 1179648K
  class space    used 11522K, committed 11840K, reserved 1048576K
}
Event: 1732.558 GC heap after
{Heap after GC invocations=86 (full 2):
 garbage-first heap   total 122880K, used 42203K [0x00000000a2200000, 0x0000000100000000)
  region size 1024K, 3 young (3072K), 3 survivors (3072K)
 Metaspace       used 87615K, committed 88256K, reserved 1179648K
  class space    used 11522K, committed 11840K, reserved 1048576K
}
Event: 1733.005 GC heap before
{Heap before GC invocations=86 (full 2):
 garbage-first heap   total 122880K, used 45275K [0x00000000a2200000, 0x0000000100000000)
  region size 1024K, 6 young (6144K), 3 survivors (3072K)
 Metaspace       used 87616K, committed 88256K, reserved 1179648K
  class space    used 11522K, committed 11840K, reserved 1048576K
}
Event: 1733.008 GC heap after
{Heap after GC invocations=87 (full 2):
 garbage-first heap   total 122880K, used 42011K [0x00000000a2200000, 0x0000000100000000)
  region size 1024K, 1 young (1024K), 1 survivors (1024K)
 Metaspace       used 87616K, committed 88256K, reserved 1179648K
  class space    used 11522K, committed 11840K, reserved 1048576K
}
Event: 1741.448 GC heap before
{Heap before GC invocations=87 (full 2):
 garbage-first heap   total 122880K, used 99355K [0x00000000a2200000, 0x0000000100000000)
  region size 1024K, 57 young (58368K), 1 survivors (1024K)
 Metaspace       used 87616K, committed 88256K, reserved 1179648K
  class space    used 11522K, committed 11840K, reserved 1048576K
}
Event: 1741.451 GC heap after
{Heap after GC invocations=88 (full 2):
 garbage-first heap   total 122880K, used 41741K [0x00000000a2200000, 0x0000000100000000)
  region size 1024K, 1 young (1024K), 1 survivors (1024K)
 Metaspace       used 87616K, committed 88256K, reserved 1179648K
  class space    used 11522K, committed 11840K, reserved 1048576K
}
Event: 1743.681 GC heap before
{Heap before GC invocations=89 (full 2):
 garbage-first heap   total 122880K, used 55053K [0x00000000a2200000, 0x0000000100000000)
  region size 1024K, 15 young (15360K), 1 survivors (1024K)
 Metaspace       used 87645K, committed 88320K, reserved 1179648K
  class space    used 11522K, committed 11840K, reserved 1048576K
}
Event: 1743.773 GC heap after
{Heap after GC invocations=90 (full 3):
 garbage-first heap   total 122880K, used 35178K [0x00000000a2200000, 0x0000000100000000)
  region size 1024K, 0 young (0K), 0 survivors (0K)
 Metaspace       used 87645K, committed 88320K, reserved 1179648K
  class space    used 11522K, committed 11840K, reserved 1048576K
}
Event: 1745.154 GC heap before
{Heap before GC invocations=90 (full 3):
 garbage-first heap   total 122880K, used 100714K [0x00000000a2200000, 0x0000000100000000)
  region size 1024K, 64 young (65536K), 0 survivors (0K)
 Metaspace       used 88041K, committed 88704K, reserved 1179648K
  class space    used 11570K, committed 11904K, reserved 1048576K
}
Event: 1745.160 GC heap after
{Heap after GC invocations=91 (full 3):
 garbage-first heap   total 122880K, used 39781K [0x00000000a2200000, 0x0000000100000000)
  region size 1024K, 5 young (5120K), 5 survivors (5120K)
 Metaspace       used 88041K, committed 88704K, reserved 1179648K
  class space    used 11570K, committed 11904K, reserved 1048576K
}
Event: 1746.293 GC heap before
{Heap before GC invocations=92 (full 3):
 garbage-first heap   total 122880K, used 97125K [0x00000000a2200000, 0x0000000100000000)
  region size 1024K, 61 young (62464K), 5 survivors (5120K)
 Metaspace       used 88387K, committed 89024K, reserved 1179648K
  class space    used 11591K, committed 11904K, reserved 1048576K
}
Event: 1746.300 GC heap after
{Heap after GC invocations=93 (full 3):
 garbage-first heap   total 122880K, used 43007K [0x00000000a2200000, 0x0000000100000000)
  region size 1024K, 4 young (4096K), 4 survivors (4096K)
 Metaspace       used 88387K, committed 89024K, reserved 1179648K
  class space    used 11591K, committed 11904K, reserved 1048576K
}

