# JRE version: OpenJDK Runtime Environment Temurin-17.0.10+7 (17.0.10+7) (build 17.0.10+7)
# Java VM: OpenJDK 64-Bit Server VM Temurin-17.0.10+7 (17.0.10+7, mixed mode, tiered, compressed oops, compressed class ptrs, parallel gc, windows-amd64)
GC Precious Log:
 CPUs: 12 total, 12 available
 Memory: 6005M
 Large Page Support: Disabled
 NUMA Support: Disabled
 Compressed Oops: Enabled (32-bit)
 Alignments: Space 512K, Generation 512K, Heap 2M
 Heap Min Capacity: 100M
 Heap Initial Capacity: 100M
 Heap Max Capacity: 1G
 Pre-touch: Disabled
 Parallel Workers: 10
Heap:
 PSYoungGen      total 21504K, used 5418K [0x00000000eab00000, 0x00000000ec900000, 0x0000000100000000)
  eden space 20992K, 25% used [0x00000000eab00000,0x00000000eb04a8e8,0x00000000ebf80000)
  from space 512K, 0% used [0x00000000ec880000,0x00000000ec880000,0x00000000ec900000)
  to   space 1024K, 0% used [0x00000000ec700000,0x00000000ec700000,0x00000000ec800000)
 ParOldGen       total 68608K, used 46981K [0x00000000c0000000, 0x00000000c4300000, 0x00000000eab00000)
  object space 68608K, 68% used [0x00000000c0000000,0x00000000c2de1778,0x00000000c4300000)
 Metaspace       used 59419K, committed 60480K, reserved 1114112K
  class space    used 6863K, committed 7360K, reserved 1048576K
GC Heap History (20 events):
Event: 8.849 GC heap before
{Heap before GC invocations=22 (full 2):
 PSYoungGen      total 23552K, used 23168K [0x00000000eab00000, 0x00000000ec580000, 0x0000000100000000)
  eden space 20992K, 100% used [0x00000000eab00000,0x00000000ebf80000,0x00000000ebf80000)
  from space 2560K, 85% used [0x00000000ebf80000,0x00000000ec1a0010,0x00000000ec200000)
  to   space 3072K, 0% used [0x00000000ec280000,0x00000000ec280000,0x00000000ec580000)
 ParOldGen       total 68608K, used 25447K [0x00000000c0000000, 0x00000000c4300000, 0x00000000eab00000)
  object space 68608K, 37% used [0x00000000c0000000,0x00000000c18d9f70,0x00000000c4300000)
 Metaspace       used 51859K, committed 52800K, reserved 1114112K
  class space    used 5614K, committed 6080K, reserved 1048576K
}
Event: 8.853 GC heap after
{Heap after GC invocations=22 (full 2):
 PSYoungGen      total 23552K, used 2336K [0x00000000eab00000, 0x00000000ec500000, 0x0000000100000000)
  eden space 20992K, 0% used [0x00000000eab00000,0x00000000eab00000,0x00000000ebf80000)
  from space 2560K, 91% used [0x00000000ec280000,0x00000000ec4c8000,0x00000000ec500000)
  to   space 2560K, 0% used [0x00000000ebf80000,0x00000000ebf80000,0x00000000ec200000)
 ParOldGen       total 68608K, used 27526K [0x00000000c0000000, 0x00000000c4300000, 0x00000000eab00000)
  object space 68608K, 40% used [0x00000000c0000000,0x00000000c1ae1b40,0x00000000c4300000)
 Metaspace       used 51859K, committed 52800K, reserved 1114112K
  class space    used 5614K, committed 6080K, reserved 1048576K
}
Event: 8.918 GC heap before
{Heap before GC invocations=23 (full 2):
 PSYoungGen      total 23552K, used 23328K [0x00000000eab00000, 0x00000000ec500000, 0x0000000100000000)
  eden space 20992K, 100% used [0x00000000eab00000,0x00000000ebf80000,0x00000000ebf80000)
  from space 2560K, 91% used [0x00000000ec280000,0x00000000ec4c8000,0x00000000ec500000)
  to   space 2560K, 0% used [0x00000000ebf80000,0x00000000ebf80000,0x00000000ec200000)
 ParOldGen       total 68608K, used 27526K [0x00000000c0000000, 0x00000000c4300000, 0x00000000eab00000)
  object space 68608K, 40% used [0x00000000c0000000,0x00000000c1ae1b40,0x00000000c4300000)
 Metaspace       used 51859K, committed 52800K, reserved 1114112K
  class space    used 5614K, committed 6080K, reserved 1048576K
}
Event: 8.923 GC heap after
{Heap after GC invocations=23 (full 2):
 PSYoungGen      total 23552K, used 2528K [0x00000000eab00000, 0x00000000eca80000, 0x0000000100000000)
  eden space 20992K, 0% used [0x00000000eab00000,0x00000000eab00000,0x00000000ebf80000)
  from space 2560K, 98% used [0x00000000ebf80000,0x00000000ec1f8010,0x00000000ec200000)
  to   space 5632K, 0% used [0x00000000ec500000,0x00000000ec500000,0x00000000eca80000)
 ParOldGen       total 68608K, used 29766K [0x00000000c0000000, 0x00000000c4300000, 0x00000000eab00000)
  object space 68608K, 43% used [0x00000000c0000000,0x00000000c1d11b40,0x00000000c4300000)
 Metaspace       used 51859K, committed 52800K, reserved 1114112K
  class space    used 5614K, committed 6080K, reserved 1048576K
}
Event: 9.099 GC heap before
{Heap before GC invocations=24 (full 2):
 PSYoungGen      total 23552K, used 23520K [0x00000000eab00000, 0x00000000eca80000, 0x0000000100000000)
  eden space 20992K, 100% used [0x00000000eab00000,0x00000000ebf80000,0x00000000ebf80000)
  from space 2560K, 98% used [0x00000000ebf80000,0x00000000ec1f8010,0x00000000ec200000)
  to   space 5632K, 0% used [0x00000000ec500000,0x00000000ec500000,0x00000000eca80000)
 ParOldGen       total 68608K, used 29766K [0x00000000c0000000, 0x00000000c4300000, 0x00000000eab00000)
  object space 68608K, 43% used [0x00000000c0000000,0x00000000c1d11b40,0x00000000c4300000)
 Metaspace       used 52294K, committed 53248K, reserved 1114112K
  class space    used 5659K, committed 6080K, reserved 1048576K
}
Event: 9.105 GC heap after
{Heap after GC invocations=24 (full 2):
 PSYoungGen      total 24064K, used 2848K [0x00000000eab00000, 0x00000000ec800000, 0x0000000100000000)
  eden space 20992K, 0% used [0x00000000eab00000,0x00000000eab00000,0x00000000ebf80000)
  from space 3072K, 92% used [0x00000000ec500000,0x00000000ec7c8000,0x00000000ec800000)
  to   space 3584K, 0% used [0x00000000ec100000,0x00000000ec100000,0x00000000ec480000)
 ParOldGen       total 68608K, used 32302K [0x00000000c0000000, 0x00000000c4300000, 0x00000000eab00000)
  object space 68608K, 47% used [0x00000000c0000000,0x00000000c1f8bb50,0x00000000c4300000)
 Metaspace       used 52294K, committed 53248K, reserved 1114112K
  class space    used 5659K, committed 6080K, reserved 1048576K
}
Event: 9.460 GC heap before
{Heap before GC invocations=25 (full 2):
 PSYoungGen      total 24064K, used 23840K [0x00000000eab00000, 0x00000000ec800000, 0x0000000100000000)
  eden space 20992K, 100% used [0x00000000eab00000,0x00000000ebf80000,0x00000000ebf80000)
  from space 3072K, 92% used [0x00000000ec500000,0x00000000ec7c8000,0x00000000ec800000)
  to   space 3584K, 0% used [0x00000000ec100000,0x00000000ec100000,0x00000000ec480000)
 ParOldGen       total 68608K, used 32302K [0x00000000c0000000, 0x00000000c4300000, 0x00000000eab00000)
  object space 68608K, 47% used [0x00000000c0000000,0x00000000c1f8bb50,0x00000000c4300000)
 Metaspace       used 53592K, committed 54656K, reserved 1114112K
  class space    used 5884K, committed 6336K, reserved 1048576K
}
Event: 9.465 GC heap after
{Heap after GC invocations=25 (full 2):
 PSYoungGen      total 24576K, used 3557K [0x00000000eab00000, 0x00000000ed780000, 0x0000000100000000)
  eden space 20992K, 0% used [0x00000000eab00000,0x00000000eab00000,0x00000000ebf80000)
  from space 3584K, 99% used [0x00000000ec100000,0x00000000ec4794f8,0x00000000ec480000)
  to   space 12288K, 0% used [0x00000000ecb80000,0x00000000ecb80000,0x00000000ed780000)
 ParOldGen       total 68608K, used 39469K [0x00000000c0000000, 0x00000000c4300000, 0x00000000eab00000)
  object space 68608K, 57% used [0x00000000c0000000,0x00000000c268b698,0x00000000c4300000)
 Metaspace       used 53592K, committed 54656K, reserved 1114112K
  class space    used 5884K, committed 6336K, reserved 1048576K
}
Event: 9.881 GC heap before
{Heap before GC invocations=26 (full 2):
 PSYoungGen      total 24576K, used 24549K [0x00000000eab00000, 0x00000000ed780000, 0x0000000100000000)
  eden space 20992K, 100% used [0x00000000eab00000,0x00000000ebf80000,0x00000000ebf80000)
  from space 3584K, 99% used [0x00000000ec100000,0x00000000ec4794f8,0x00000000ec480000)
  to   space 12288K, 0% used [0x00000000ecb80000,0x00000000ecb80000,0x00000000ed780000)
 ParOldGen       total 68608K, used 39469K [0x00000000c0000000, 0x00000000c4300000, 0x00000000eab00000)
  object space 68608K, 57% used [0x00000000c0000000,0x00000000c268b698,0x00000000c4300000)
 Metaspace       used 55348K, committed 56384K, reserved 1114112K
  class space    used 6188K, committed 6656K, reserved 1048576K
}
Event: 9.884 GC heap after
{Heap after GC invocations=26 (full 2):
 PSYoungGen      total 22016K, used 786K [0x00000000eab00000, 0x00000000ecc80000, 0x0000000100000000)
  eden space 20992K, 0% used [0x00000000eab00000,0x00000000eab00000,0x00000000ebf80000)
  from space 1024K, 76% used [0x00000000ecb80000,0x00000000ecc44a18,0x00000000ecc80000)
  to   space 4608K, 0% used [0x00000000ec380000,0x00000000ec380000,0x00000000ec800000)
 ParOldGen       total 68608K, used 42940K [0x00000000c0000000, 0x00000000c4300000, 0x00000000eab00000)
  object space 68608K, 62% used [0x00000000c0000000,0x00000000c29ef168,0x00000000c4300000)
 Metaspace       used 55348K, committed 56384K, reserved 1114112K
  class space    used 6188K, committed 6656K, reserved 1048576K
}
Event: 10.424 GC heap before
{Heap before GC invocations=27 (full 2):
 PSYoungGen      total 22016K, used 21778K [0x00000000eab00000, 0x00000000ecc80000, 0x0000000100000000)
  eden space 20992K, 100% used [0x00000000eab00000,0x00000000ebf80000,0x00000000ebf80000)
  from space 1024K, 76% used [0x00000000ecb80000,0x00000000ecc44a18,0x00000000ecc80000)
  to   space 4608K, 0% used [0x00000000ec380000,0x00000000ec380000,0x00000000ec800000)
 ParOldGen       total 68608K, used 42940K [0x00000000c0000000, 0x00000000c4300000, 0x00000000eab00000)
  object space 68608K, 62% used [0x00000000c0000000,0x00000000c29ef168,0x00000000c4300000)
 Metaspace       used 55493K, committed 56512K, reserved 1114112K
  class space    used 6200K, committed 6656K, reserved 1048576K
}
Event: 10.426 GC heap after
{Heap after GC invocations=27 (full 2):
 PSYoungGen      total 25600K, used 576K [0x00000000eab00000, 0x00000000ecc00000, 0x0000000100000000)
  eden space 20992K, 0% used [0x00000000eab00000,0x00000000eab00000,0x00000000ebf80000)
  from space 4608K, 12% used [0x00000000ec380000,0x00000000ec410000,0x00000000ec800000)
  to   space 1536K, 0% used [0x00000000eca80000,0x00000000eca80000,0x00000000ecc00000)
 ParOldGen       total 68608K, used 43552K [0x00000000c0000000, 0x00000000c4300000, 0x00000000eab00000)
  object space 68608K, 63% used [0x00000000c0000000,0x00000000c2a88188,0x00000000c4300000)
 Metaspace       used 55493K, committed 56512K, reserved 1114112K
  class space    used 6200K, committed 6656K, reserved 1048576K
}
Event: 10.726 GC heap before
{Heap before GC invocations=28 (full 2):
 PSYoungGen      total 25600K, used 21568K [0x00000000eab00000, 0x00000000ecc00000, 0x0000000100000000)
  eden space 20992K, 100% used [0x00000000eab00000,0x00000000ebf80000,0x00000000ebf80000)
  from space 4608K, 12% used [0x00000000ec380000,0x00000000ec410000,0x00000000ec800000)
  to   space 1536K, 0% used [0x00000000eca80000,0x00000000eca80000,0x00000000ecc00000)
 ParOldGen       total 68608K, used 43552K [0x00000000c0000000, 0x00000000c4300000, 0x00000000eab00000)
  object space 68608K, 63% used [0x00000000c0000000,0x00000000c2a88188,0x00000000c4300000)
 Metaspace       used 56122K, committed 57152K, reserved 1114112K
  class space    used 6342K, committed 6784K, reserved 1048576K
}
Event: 10.730 GC heap after
{Heap after GC invocations=28 (full 2):
 PSYoungGen      total 22528K, used 1517K [0x00000000eab00000, 0x00000000ecc00000, 0x0000000100000000)
  eden space 20992K, 0% used [0x00000000eab00000,0x00000000eab00000,0x00000000ebf80000)
  from space 1536K, 98% used [0x00000000eca80000,0x00000000ecbfb748,0x00000000ecc00000)
  to   space 5632K, 0% used [0x00000000ec100000,0x00000000ec100000,0x00000000ec680000)
 ParOldGen       total 68608K, used 46741K [0x00000000c0000000, 0x00000000c4300000, 0x00000000eab00000)
  object space 68608K, 68% used [0x00000000c0000000,0x00000000c2da5738,0x00000000c4300000)
 Metaspace       used 56122K, committed 57152K, reserved 1114112K
  class space    used 6342K, committed 6784K, reserved 1048576K
}
Event: 11.123 GC heap before
{Heap before GC invocations=29 (full 2):
 PSYoungGen      total 22528K, used 22509K [0x00000000eab00000, 0x00000000ecc00000, 0x0000000100000000)
  eden space 20992K, 100% used [0x00000000eab00000,0x00000000ebf80000,0x00000000ebf80000)
  from space 1536K, 98% used [0x00000000eca80000,0x00000000ecbfb748,0x00000000ecc00000)
  to   space 5632K, 0% used [0x00000000ec100000,0x00000000ec100000,0x00000000ec680000)
 ParOldGen       total 68608K, used 46741K [0x00000000c0000000, 0x00000000c4300000, 0x00000000eab00000)
  object space 68608K, 68% used [0x00000000c0000000,0x00000000c2da5738,0x00000000c4300000)
 Metaspace       used 58460K, committed 59520K, reserved 1114112K
  class space    used 6732K, committed 7232K, reserved 1048576K
}
Event: 11.126 GC heap after
{Heap after GC invocations=29 (full 2):
 PSYoungGen      total 26624K, used 720K [0x00000000eab00000, 0x00000000ecb00000, 0x0000000100000000)
  eden space 20992K, 0% used [0x00000000eab00000,0x00000000eab00000,0x00000000ebf80000)
  from space 5632K, 12% used [0x00000000ec100000,0x00000000ec1b4010,0x00000000ec680000)
  to   space 2560K, 0% used [0x00000000ec880000,0x00000000ec880000,0x00000000ecb00000)
 ParOldGen       total 68608K, used 48252K [0x00000000c0000000, 0x00000000c4300000, 0x00000000eab00000)
  object space 68608K, 70% used [0x00000000c0000000,0x00000000c2f1f170,0x00000000c4300000)
 Metaspace       used 58460K, committed 59520K, reserved 1114112K
  class space    used 6732K, committed 7232K, reserved 1048576K
}
Event: 11.183 GC heap before
{Heap before GC invocations=30 (full 2):
 PSYoungGen      total 26624K, used 3760K [0x00000000eab00000, 0x00000000ecb00000, 0x0000000100000000)
  eden space 20992K, 14% used [0x00000000eab00000,0x00000000eadf81e0,0x00000000ebf80000)
  from space 5632K, 12% used [0x00000000ec100000,0x00000000ec1b4010,0x00000000ec680000)
  to   space 2560K, 0% used [0x00000000ec880000,0x00000000ec880000,0x00000000ecb00000)
 ParOldGen       total 68608K, used 48252K [0x00000000c0000000, 0x00000000c4300000, 0x00000000eab00000)
  object space 68608K, 70% used [0x00000000c0000000,0x00000000c2f1f170,0x00000000c4300000)
 Metaspace       used 58726K, committed 59776K, reserved 1114112K
  class space    used 6792K, committed 7296K, reserved 1048576K
}
Event: 11.185 GC heap after
{Heap after GC invocations=30 (full 2):
 PSYoungGen      total 21504K, used 320K [0x00000000eab00000, 0x00000000ec900000, 0x0000000100000000)
  eden space 20992K, 0% used [0x00000000eab00000,0x00000000eab00000,0x00000000ebf80000)
  from space 512K, 62% used [0x00000000ec880000,0x00000000ec8d0000,0x00000000ec900000)
  to   space 1024K, 0% used [0x00000000ec700000,0x00000000ec700000,0x00000000ec800000)
 ParOldGen       total 68608K, used 48796K [0x00000000c0000000, 0x00000000c4300000, 0x00000000eab00000)
  object space 68608K, 71% used [0x00000000c0000000,0x00000000c2fa7180,0x00000000c4300000)
 Metaspace       used 58726K, committed 59776K, reserved 1114112K
  class space    used 6792K, committed 7296K, reserved 1048576K
}
Event: 11.185 GC heap before
{Heap before GC invocations=31 (full 3):
 PSYoungGen      total 21504K, used 320K [0x00000000eab00000, 0x00000000ec900000, 0x0000000100000000)
  eden space 20992K, 0% used [0x00000000eab00000,0x00000000eab00000,0x00000000ebf80000)
  from space 512K, 62% used [0x00000000ec880000,0x00000000ec8d0000,0x00000000ec900000)
  to   space 1024K, 0% used [0x00000000ec700000,0x00000000ec700000,0x00000000ec800000)
 ParOldGen       total 68608K, used 48796K [0x00000000c0000000, 0x00000000c4300000, 0x00000000eab00000)
  object space 68608K, 71% used [0x00000000c0000000,0x00000000c2fa7180,0x00000000c4300000)
 Metaspace       used 58726K, committed 59776K, reserved 1114112K
  class space    used 6792K, committed 7296K, reserved 1048576K
}
Event: 11.267 GC heap after
{Heap after GC invocations=31 (full 3):
 PSYoungGen      total 21504K, used 0K [0x00000000eab00000, 0x00000000ec900000, 0x0000000100000000)
  eden space 20992K, 0% used [0x00000000eab00000,0x00000000eab00000,0x00000000ebf80000)
  from space 512K, 0% used [0x00000000ec880000,0x00000000ec880000,0x00000000ec900000)
  to   space 1024K, 0% used [0x00000000ec700000,0x00000000ec700000,0x00000000ec800000)
 ParOldGen       total 68608K, used 46981K [0x00000000c0000000, 0x00000000c4300000, 0x00000000eab00000)
  object space 68608K, 68% used [0x00000000c0000000,0x00000000c2de1778,0x00000000c4300000)
 Metaspace       used 58726K, committed 59776K, reserved 1114112K
  class space    used 6792K, committed 7296K, reserved 1048576K
}

