# JRE version: OpenJDK Runtime Environment Temurin-17.0.9+9 (17.0.9+9) (build 17.0.9+9)
# Java VM: OpenJDK 64-Bit Server VM Temurin-17.0.9+9 (17.0.9+9, mixed mode, tiered, compressed oops, compressed class ptrs, parallel gc, windows-amd64)
GC Precious Log:
 CPUs: 12 total, 12 available
 Memory: 6005M
 Large Page Support: Disabled
 NUMA Support: Disabled
 Compressed Oops: Enabled (32-bit)
 Alignments: Space 512K, Generation 512K, Heap 2M
 Heap Min Capacity: 100M
 Heap Initial Capacity: 100M
 Heap Max Capacity: 1G
 Pre-touch: Disabled
 Parallel Workers: 10
Heap:
 PSYoungGen      total 17920K, used 8137K [0x00000000eab00000, 0x00000000ec000000, 0x0000000100000000)
  eden space 15360K, 38% used [0x00000000eab00000,0x00000000eb0c1800,0x00000000eba00000)
  from space 2560K, 87% used [0x00000000ebd80000,0x00000000ebfb0e58,0x00000000ec000000)
  to   space 3072K, 0% used [0x00000000eba00000,0x00000000eba00000,0x00000000ebd00000)
 ParOldGen       total 190976K, used 151846K [0x00000000c0000000, 0x00000000cba80000, 0x00000000eab00000)
  object space 190976K, 79% used [0x00000000c0000000,0x00000000c9449ba0,0x00000000cba80000)
 Metaspace       used 97818K, committed 99072K, reserved 1179648K
  class space    used 10806K, committed 11392K, reserved 1048576K
GC Heap History (20 events):
Event: 2309.836 GC heap before
{Heap before GC invocations=497 (full 20):
 PSYoungGen      total 17408K, used 17395K [0x00000000eab00000, 0x00000000ec580000, 0x0000000100000000)
  eden space 15872K, 100% used [0x00000000eab00000,0x00000000eba80000,0x00000000eba80000)
  from space 1536K, 99% used [0x00000000ebe80000,0x00000000ebffce48,0x00000000ec000000)
  to   space 5632K, 0% used [0x00000000ec000000,0x00000000ec000000,0x00000000ec580000)
 ParOldGen       total 190976K, used 141042K [0x00000000c0000000, 0x00000000cba80000, 0x00000000eab00000)
  object space 190976K, 73% used [0x00000000c0000000,0x00000000c89bcb18,0x00000000cba80000)
 Metaspace       used 97685K, committed 98944K, reserved 1179648K
  class space    used 10805K, committed 11392K, reserved 1048576K
}
Event: 2309.841 GC heap after
{Heap after GC invocations=497 (full 20):
 PSYoungGen      total 16384K, used 410K [0x00000000eab00000, 0x00000000ec080000, 0x0000000100000000)
  eden space 15872K, 0% used [0x00000000eab00000,0x00000000eab00000,0x00000000eba80000)
  from space 512K, 80% used [0x00000000ec000000,0x00000000ec066900,0x00000000ec080000)
  to   space 2048K, 0% used [0x00000000ebc80000,0x00000000ebc80000,0x00000000ebe80000)
 ParOldGen       total 190976K, used 141854K [0x00000000c0000000, 0x00000000cba80000, 0x00000000eab00000)
  object space 190976K, 74% used [0x00000000c0000000,0x00000000c8a87ab0,0x00000000cba80000)
 Metaspace       used 97685K, committed 98944K, reserved 1179648K
  class space    used 10805K, committed 11392K, reserved 1048576K
}
Event: 2309.922 GC heap before
{Heap before GC invocations=498 (full 20):
 PSYoungGen      total 16384K, used 16282K [0x00000000eab00000, 0x00000000ec080000, 0x0000000100000000)
  eden space 15872K, 100% used [0x00000000eab00000,0x00000000eba80000,0x00000000eba80000)
  from space 512K, 80% used [0x00000000ec000000,0x00000000ec066900,0x00000000ec080000)
  to   space 2048K, 0% used [0x00000000ebc80000,0x00000000ebc80000,0x00000000ebe80000)
 ParOldGen       total 190976K, used 141854K [0x00000000c0000000, 0x00000000cba80000, 0x00000000eab00000)
  object space 190976K, 74% used [0x00000000c0000000,0x00000000c8a87ab0,0x00000000cba80000)
 Metaspace       used 97691K, committed 98944K, reserved 1179648K
  class space    used 10805K, committed 11392K, reserved 1048576K
}
Event: 2309.925 GC heap after
{Heap after GC invocations=498 (full 20):
 PSYoungGen      total 17920K, used 1338K [0x00000000eab00000, 0x00000000ec080000, 0x0000000100000000)
  eden space 15872K, 0% used [0x00000000eab00000,0x00000000eab00000,0x00000000eba80000)
  from space 2048K, 65% used [0x00000000ebc80000,0x00000000ebdce900,0x00000000ebe80000)
  to   space 2048K, 0% used [0x00000000ebe80000,0x00000000ebe80000,0x00000000ec080000)
 ParOldGen       total 190976K, used 142193K [0x00000000c0000000, 0x00000000cba80000, 0x00000000eab00000)
  object space 190976K, 74% used [0x00000000c0000000,0x00000000c8adc690,0x00000000cba80000)
 Metaspace       used 97691K, committed 98944K, reserved 1179648K
  class space    used 10805K, committed 11392K, reserved 1048576K
}
Event: 2310.178 GC heap before
{Heap before GC invocations=499 (full 20):
 PSYoungGen      total 17920K, used 17210K [0x00000000eab00000, 0x00000000ec080000, 0x0000000100000000)
  eden space 15872K, 100% used [0x00000000eab00000,0x00000000eba80000,0x00000000eba80000)
  from space 2048K, 65% used [0x00000000ebc80000,0x00000000ebdce900,0x00000000ebe80000)
  to   space 2048K, 0% used [0x00000000ebe80000,0x00000000ebe80000,0x00000000ec080000)
 ParOldGen       total 190976K, used 142193K [0x00000000c0000000, 0x00000000cba80000, 0x00000000eab00000)
  object space 190976K, 74% used [0x00000000c0000000,0x00000000c8adc690,0x00000000cba80000)
 Metaspace       used 97715K, committed 99008K, reserved 1179648K
  class space    used 10805K, committed 11392K, reserved 1048576K
}
Event: 2310.193 GC heap after
{Heap after GC invocations=499 (full 20):
 PSYoungGen      total 17408K, used 1524K [0x00000000eab00000, 0x00000000ec000000, 0x0000000100000000)
  eden space 15872K, 0% used [0x00000000eab00000,0x00000000eab00000,0x00000000eba80000)
  from space 1536K, 99% used [0x00000000ebe80000,0x00000000ebffd200,0x00000000ec000000)
  to   space 2048K, 0% used [0x00000000ebc00000,0x00000000ebc00000,0x00000000ebe00000)
 ParOldGen       total 190976K, used 143407K [0x00000000c0000000, 0x00000000cba80000, 0x00000000eab00000)
  object space 190976K, 75% used [0x00000000c0000000,0x00000000c8c0bca0,0x00000000cba80000)
 Metaspace       used 97715K, committed 99008K, reserved 1179648K
  class space    used 10805K, committed 11392K, reserved 1048576K
}
Event: 2310.302 GC heap before
{Heap before GC invocations=500 (full 20):
 PSYoungGen      total 17408K, used 17396K [0x00000000eab00000, 0x00000000ec000000, 0x0000000100000000)
  eden space 15872K, 100% used [0x00000000eab00000,0x00000000eba80000,0x00000000eba80000)
  from space 1536K, 99% used [0x00000000ebe80000,0x00000000ebffd200,0x00000000ec000000)
  to   space 2048K, 0% used [0x00000000ebc00000,0x00000000ebc00000,0x00000000ebe00000)
 ParOldGen       total 190976K, used 143407K [0x00000000c0000000, 0x00000000cba80000, 0x00000000eab00000)
  object space 190976K, 75% used [0x00000000c0000000,0x00000000c8c0bca0,0x00000000cba80000)
 Metaspace       used 97718K, committed 99008K, reserved 1179648K
  class space    used 10805K, committed 11392K, reserved 1048576K
}
Event: 2310.306 GC heap after
{Heap after GC invocations=500 (full 20):
 PSYoungGen      total 17408K, used 1348K [0x00000000eab00000, 0x00000000ebf00000, 0x0000000100000000)
  eden space 15872K, 0% used [0x00000000eab00000,0x00000000eab00000,0x00000000eba80000)
  from space 1536K, 87% used [0x00000000ebc00000,0x00000000ebd51210,0x00000000ebd80000)
  to   space 1536K, 0% used [0x00000000ebd80000,0x00000000ebd80000,0x00000000ebf00000)
 ParOldGen       total 190976K, used 144760K [0x00000000c0000000, 0x00000000cba80000, 0x00000000eab00000)
  object space 190976K, 75% used [0x00000000c0000000,0x00000000c8d5e2a0,0x00000000cba80000)
 Metaspace       used 97718K, committed 99008K, reserved 1179648K
  class space    used 10805K, committed 11392K, reserved 1048576K
}
Event: 2310.707 GC heap before
{Heap before GC invocations=501 (full 20):
 PSYoungGen      total 17408K, used 17220K [0x00000000eab00000, 0x00000000ebf00000, 0x0000000100000000)
  eden space 15872K, 100% used [0x00000000eab00000,0x00000000eba80000,0x00000000eba80000)
  from space 1536K, 87% used [0x00000000ebc00000,0x00000000ebd51210,0x00000000ebd80000)
  to   space 1536K, 0% used [0x00000000ebd80000,0x00000000ebd80000,0x00000000ebf00000)
 ParOldGen       total 190976K, used 144760K [0x00000000c0000000, 0x00000000cba80000, 0x00000000eab00000)
  object space 190976K, 75% used [0x00000000c0000000,0x00000000c8d5e2a0,0x00000000cba80000)
 Metaspace       used 97733K, committed 99008K, reserved 1179648K
  class space    used 10805K, committed 11392K, reserved 1048576K
}
Event: 2310.717 GC heap after
{Heap after GC invocations=501 (full 20):
 PSYoungGen      total 17408K, used 1529K [0x00000000eab00000, 0x00000000ec080000, 0x0000000100000000)
  eden space 15872K, 0% used [0x00000000eab00000,0x00000000eab00000,0x00000000eba80000)
  from space 1536K, 99% used [0x00000000ebd80000,0x00000000ebefe410,0x00000000ebf00000)
  to   space 3072K, 0% used [0x00000000eba80000,0x00000000eba80000,0x00000000ebd80000)
 ParOldGen       total 190976K, used 145704K [0x00000000c0000000, 0x00000000cba80000, 0x00000000eab00000)
  object space 190976K, 76% used [0x00000000c0000000,0x00000000c8e4a2e0,0x00000000cba80000)
 Metaspace       used 97733K, committed 99008K, reserved 1179648K
  class space    used 10805K, committed 11392K, reserved 1048576K
}
Event: 2311.070 GC heap before
{Heap before GC invocations=502 (full 20):
 PSYoungGen      total 17408K, used 17401K [0x00000000eab00000, 0x00000000ec080000, 0x0000000100000000)
  eden space 15872K, 100% used [0x00000000eab00000,0x00000000eba80000,0x00000000eba80000)
  from space 1536K, 99% used [0x00000000ebd80000,0x00000000ebefe410,0x00000000ebf00000)
  to   space 3072K, 0% used [0x00000000eba80000,0x00000000eba80000,0x00000000ebd80000)
 ParOldGen       total 190976K, used 145704K [0x00000000c0000000, 0x00000000cba80000, 0x00000000eab00000)
  object space 190976K, 76% used [0x00000000c0000000,0x00000000c8e4a2e0,0x00000000cba80000)
 Metaspace       used 97735K, committed 99008K, reserved 1179648K
  class space    used 10805K, committed 11392K, reserved 1048576K
}
Event: 2311.092 GC heap after
{Heap after GC invocations=502 (full 20):
 PSYoungGen      total 16896K, used 628K [0x00000000eab00000, 0x00000000ebe00000, 0x0000000100000000)
  eden space 15872K, 0% used [0x00000000eab00000,0x00000000eab00000,0x00000000eba80000)
  from space 1024K, 61% used [0x00000000eba80000,0x00000000ebb1d200,0x00000000ebb80000)
  to   space 1536K, 0% used [0x00000000ebc80000,0x00000000ebc80000,0x00000000ebe00000)
 ParOldGen       total 190976K, used 147281K [0x00000000c0000000, 0x00000000cba80000, 0x00000000eab00000)
  object space 190976K, 77% used [0x00000000c0000000,0x00000000c8fd4530,0x00000000cba80000)
 Metaspace       used 97735K, committed 99008K, reserved 1179648K
  class space    used 10805K, committed 11392K, reserved 1048576K
}
Event: 2311.183 GC heap before
{Heap before GC invocations=503 (full 20):
 PSYoungGen      total 16896K, used 16500K [0x00000000eab00000, 0x00000000ebe00000, 0x0000000100000000)
  eden space 15872K, 100% used [0x00000000eab00000,0x00000000eba80000,0x00000000eba80000)
  from space 1024K, 61% used [0x00000000eba80000,0x00000000ebb1d200,0x00000000ebb80000)
  to   space 1536K, 0% used [0x00000000ebc80000,0x00000000ebc80000,0x00000000ebe00000)
 ParOldGen       total 190976K, used 147281K [0x00000000c0000000, 0x00000000cba80000, 0x00000000eab00000)
  object space 190976K, 77% used [0x00000000c0000000,0x00000000c8fd4530,0x00000000cba80000)
 Metaspace       used 97736K, committed 99008K, reserved 1179648K
  class space    used 10805K, committed 11392K, reserved 1048576K
}
Event: 2311.189 GC heap after
{Heap after GC invocations=503 (full 20):
 PSYoungGen      total 16896K, used 1518K [0x00000000eab00000, 0x00000000ebf80000, 0x0000000100000000)
  eden space 15360K, 0% used [0x00000000eab00000,0x00000000eab00000,0x00000000eba00000)
  from space 1536K, 98% used [0x00000000ebc80000,0x00000000ebdfbb00,0x00000000ebe00000)
  to   space 2560K, 0% used [0x00000000eba00000,0x00000000eba00000,0x00000000ebc80000)
 ParOldGen       total 190976K, used 147705K [0x00000000c0000000, 0x00000000cba80000, 0x00000000eab00000)
  object space 190976K, 77% used [0x00000000c0000000,0x00000000c903e550,0x00000000cba80000)
 Metaspace       used 97736K, committed 99008K, reserved 1179648K
  class space    used 10805K, committed 11392K, reserved 1048576K
}
Event: 2311.792 GC heap before
{Heap before GC invocations=504 (full 20):
 PSYoungGen      total 16896K, used 16878K [0x00000000eab00000, 0x00000000ebf80000, 0x0000000100000000)
  eden space 15360K, 100% used [0x00000000eab00000,0x00000000eba00000,0x00000000eba00000)
  from space 1536K, 98% used [0x00000000ebc80000,0x00000000ebdfbb00,0x00000000ebe00000)
  to   space 2560K, 0% used [0x00000000eba00000,0x00000000eba00000,0x00000000ebc80000)
 ParOldGen       total 190976K, used 147705K [0x00000000c0000000, 0x00000000cba80000, 0x00000000eab00000)
  object space 190976K, 77% used [0x00000000c0000000,0x00000000c903e550,0x00000000cba80000)
 Metaspace       used 97784K, committed 99072K, reserved 1179648K
  class space    used 10805K, committed 11392K, reserved 1048576K
}
Event: 2311.808 GC heap after
{Heap after GC invocations=504 (full 20):
 PSYoungGen      total 16896K, used 1402K [0x00000000eab00000, 0x00000000ebe00000, 0x0000000100000000)
  eden space 15360K, 0% used [0x00000000eab00000,0x00000000eab00000,0x00000000eba00000)
  from space 1536K, 91% used [0x00000000eba00000,0x00000000ebb5e900,0x00000000ebb80000)
  to   space 2048K, 0% used [0x00000000ebc00000,0x00000000ebc00000,0x00000000ebe00000)
 ParOldGen       total 190976K, used 149244K [0x00000000c0000000, 0x00000000cba80000, 0x00000000eab00000)
  object space 190976K, 78% used [0x00000000c0000000,0x00000000c91bf0f0,0x00000000cba80000)
 Metaspace       used 97784K, committed 99072K, reserved 1179648K
  class space    used 10805K, committed 11392K, reserved 1048576K
}
Event: 2312.301 GC heap before
{Heap before GC invocations=505 (full 20):
 PSYoungGen      total 16896K, used 16762K [0x00000000eab00000, 0x00000000ebe00000, 0x0000000100000000)
  eden space 15360K, 100% used [0x00000000eab00000,0x00000000eba00000,0x00000000eba00000)
  from space 1536K, 91% used [0x00000000eba00000,0x00000000ebb5e900,0x00000000ebb80000)
  to   space 2048K, 0% used [0x00000000ebc00000,0x00000000ebc00000,0x00000000ebe00000)
 ParOldGen       total 190976K, used 149244K [0x00000000c0000000, 0x00000000cba80000, 0x00000000eab00000)
  object space 190976K, 78% used [0x00000000c0000000,0x00000000c91bf0f0,0x00000000cba80000)
 Metaspace       used 97791K, committed 99072K, reserved 1179648K
  class space    used 10805K, committed 11392K, reserved 1048576K
}
Event: 2312.303 GC heap after
{Heap after GC invocations=505 (full 20):
 PSYoungGen      total 17408K, used 1833K [0x00000000eab00000, 0x00000000ebe00000, 0x0000000100000000)
  eden space 15360K, 0% used [0x00000000eab00000,0x00000000eab00000,0x00000000eba00000)
  from space 2048K, 89% used [0x00000000ebc00000,0x00000000ebdca400,0x00000000ebe00000)
  to   space 2048K, 0% used [0x00000000eba00000,0x00000000eba00000,0x00000000ebc00000)
 ParOldGen       total 190976K, used 149244K [0x00000000c0000000, 0x00000000cba80000, 0x00000000eab00000)
  object space 190976K, 78% used [0x00000000c0000000,0x00000000c91bf0f0,0x00000000cba80000)
 Metaspace       used 97791K, committed 99072K, reserved 1179648K
  class space    used 10805K, committed 11392K, reserved 1048576K
}
Event: 2312.564 GC heap before
{Heap before GC invocations=506 (full 20):
 PSYoungGen      total 17408K, used 17193K [0x00000000eab00000, 0x00000000ebe00000, 0x0000000100000000)
  eden space 15360K, 100% used [0x00000000eab00000,0x00000000eba00000,0x00000000eba00000)
  from space 2048K, 89% used [0x00000000ebc00000,0x00000000ebdca400,0x00000000ebe00000)
  to   space 2048K, 0% used [0x00000000eba00000,0x00000000eba00000,0x00000000ebc00000)
 ParOldGen       total 190976K, used 149244K [0x00000000c0000000, 0x00000000cba80000, 0x00000000eab00000)
  object space 190976K, 78% used [0x00000000c0000000,0x00000000c91bf0f0,0x00000000cba80000)
 Metaspace       used 97817K, committed 99072K, reserved 1179648K
  class space    used 10806K, committed 11392K, reserved 1048576K
}
Event: 2312.573 GC heap after
{Heap after GC invocations=506 (full 20):
 PSYoungGen      total 17408K, used 2029K [0x00000000eab00000, 0x00000000ec100000, 0x0000000100000000)
  eden space 15360K, 0% used [0x00000000eab00000,0x00000000eab00000,0x00000000eba00000)
  from space 2048K, 99% used [0x00000000eba00000,0x00000000ebbfb610,0x00000000ebc00000)
  to   space 3584K, 0% used [0x00000000ebd80000,0x00000000ebd80000,0x00000000ec100000)
 ParOldGen       total 190976K, used 150496K [0x00000000c0000000, 0x00000000cba80000, 0x00000000eab00000)
  object space 190976K, 78% used [0x00000000c0000000,0x00000000c92f8350,0x00000000cba80000)
 Metaspace       used 97817K, committed 99072K, reserved 1179648K
  class space    used 10806K, committed 11392K, reserved 1048576K
}

