# JRE version: OpenJDK Runtime Environment Temurin-17.0.10+7 (17.0.10+7) (build 17.0.10+7)
# Java VM: OpenJDK 64-Bit Server VM Temurin-17.0.10+7 (17.0.10+7, mixed mode, tiered, compressed oops, compressed class ptrs, parallel gc, windows-amd64)
GC Precious Log:
 CPUs: 12 total, 12 available
 Memory: 6005M
 Large Page Support: Disabled
 NUMA Support: Disabled
 Compressed Oops: Enabled (32-bit)
 Alignments: Space 512K, Generation 512K, Heap 2M
 Heap Min Capacity: 100M
 Heap Initial Capacity: 100M
 Heap Max Capacity: 1G
 Pre-touch: Disabled
 Parallel Workers: 10
Heap:
 PSYoungGen      total 20480K, used 15045K [0x00000000eab00000, 0x00000000ec080000, 0x0000000100000000)
  eden space 18944K, 73% used [0x00000000eab00000,0x00000000eb896b38,0x00000000ebd80000)
  from space 1536K, 75% used [0x00000000ebd80000,0x00000000ebea0000,0x00000000ebf00000)
  to   space 1536K, 0% used [0x00000000ebf00000,0x00000000ebf00000,0x00000000ec080000)
 ParOldGen       total 76800K, used 50691K [0x00000000c0000000, 0x00000000c4b00000, 0x00000000eab00000)
  object space 76800K, 66% used [0x00000000c0000000,0x00000000c3180d78,0x00000000c4b00000)
 Metaspace       used 71304K, committed 72384K, reserved 1114112K
  class space    used 8113K, committed 8576K, reserved 1048576K
GC Heap History (20 events):
Event: 57.979 GC heap before
{Heap before GC invocations=46 (full 3):
 PSYoungGen      total 19456K, used 19397K [0x00000000eab00000, 0x00000000ec100000, 0x0000000100000000)
  eden space 18944K, 100% used [0x00000000eab00000,0x00000000ebd80000,0x00000000ebd80000)
  from space 512K, 88% used [0x00000000ec080000,0x00000000ec0f1420,0x00000000ec100000)
  to   space 1536K, 0% used [0x00000000ebe00000,0x00000000ebe00000,0x00000000ebf80000)
 ParOldGen       total 68608K, used 60524K [0x00000000c0000000, 0x00000000c4300000, 0x00000000eab00000)
  object space 68608K, 88% used [0x00000000c0000000,0x00000000c3b1b0f0,0x00000000c4300000)
 Metaspace       used 69463K, committed 70528K, reserved 1114112K
  class space    used 7934K, committed 8384K, reserved 1048576K
}
Event: 57.980 GC heap after
{Heap after GC invocations=46 (full 3):
 PSYoungGen      total 20480K, used 1526K [0x00000000eab00000, 0x00000000ec280000, 0x0000000100000000)
  eden space 18944K, 0% used [0x00000000eab00000,0x00000000eab00000,0x00000000ebd80000)
  from space 1536K, 99% used [0x00000000ebe00000,0x00000000ebf7d808,0x00000000ebf80000)
  to   space 2560K, 0% used [0x00000000ec000000,0x00000000ec000000,0x00000000ec280000)
 ParOldGen       total 68608K, used 60993K [0x00000000c0000000, 0x00000000c4300000, 0x00000000eab00000)
  object space 68608K, 88% used [0x00000000c0000000,0x00000000c3b90510,0x00000000c4300000)
 Metaspace       used 69463K, committed 70528K, reserved 1114112K
  class space    used 7934K, committed 8384K, reserved 1048576K
}
Event: 58.174 GC heap before
{Heap before GC invocations=47 (full 3):
 PSYoungGen      total 20480K, used 20470K [0x00000000eab00000, 0x00000000ec280000, 0x0000000100000000)
  eden space 18944K, 100% used [0x00000000eab00000,0x00000000ebd80000,0x00000000ebd80000)
  from space 1536K, 99% used [0x00000000ebe00000,0x00000000ebf7d808,0x00000000ebf80000)
  to   space 2560K, 0% used [0x00000000ec000000,0x00000000ec000000,0x00000000ec280000)
 ParOldGen       total 68608K, used 60993K [0x00000000c0000000, 0x00000000c4300000, 0x00000000eab00000)
  object space 68608K, 88% used [0x00000000c0000000,0x00000000c3b90510,0x00000000c4300000)
 Metaspace       used 70327K, committed 71360K, reserved 1114112K
  class space    used 8015K, committed 8448K, reserved 1048576K
}
Event: 58.176 GC heap after
{Heap after GC invocations=47 (full 3):
 PSYoungGen      total 19968K, used 672K [0x00000000eab00000, 0x00000000ec100000, 0x0000000100000000)
  eden space 18944K, 0% used [0x00000000eab00000,0x00000000eab00000,0x00000000ebd80000)
  from space 1024K, 65% used [0x00000000ec000000,0x00000000ec0a8000,0x00000000ec100000)
  to   space 1536K, 0% used [0x00000000ebe00000,0x00000000ebe00000,0x00000000ebf80000)
 ParOldGen       total 68608K, used 62567K [0x00000000c0000000, 0x00000000c4300000, 0x00000000eab00000)
  object space 68608K, 91% used [0x00000000c0000000,0x00000000c3d19d18,0x00000000c4300000)
 Metaspace       used 70327K, committed 71360K, reserved 1114112K
  class space    used 8015K, committed 8448K, reserved 1048576K
}
Event: 58.382 GC heap before
{Heap before GC invocations=48 (full 3):
 PSYoungGen      total 19968K, used 19616K [0x00000000eab00000, 0x00000000ec100000, 0x0000000100000000)
  eden space 18944K, 100% used [0x00000000eab00000,0x00000000ebd80000,0x00000000ebd80000)
  from space 1024K, 65% used [0x00000000ec000000,0x00000000ec0a8000,0x00000000ec100000)
  to   space 1536K, 0% used [0x00000000ebe00000,0x00000000ebe00000,0x00000000ebf80000)
 ParOldGen       total 68608K, used 62567K [0x00000000c0000000, 0x00000000c4300000, 0x00000000eab00000)
  object space 68608K, 91% used [0x00000000c0000000,0x00000000c3d19d18,0x00000000c4300000)
 Metaspace       used 70871K, committed 71936K, reserved 1114112K
  class space    used 8069K, committed 8512K, reserved 1048576K
}
Event: 58.384 GC heap after
{Heap after GC invocations=48 (full 3):
 PSYoungGen      total 20480K, used 597K [0x00000000eab00000, 0x00000000ec080000, 0x0000000100000000)
  eden space 18944K, 0% used [0x00000000eab00000,0x00000000eab00000,0x00000000ebd80000)
  from space 1536K, 38% used [0x00000000ebe00000,0x00000000ebe95750,0x00000000ebf80000)
  to   space 1024K, 0% used [0x00000000ebf80000,0x00000000ebf80000,0x00000000ec080000)
 ParOldGen       total 68608K, used 62839K [0x00000000c0000000, 0x00000000c4300000, 0x00000000eab00000)
  object space 68608K, 91% used [0x00000000c0000000,0x00000000c3d5dd18,0x00000000c4300000)
 Metaspace       used 70871K, committed 71936K, reserved 1114112K
  class space    used 8069K, committed 8512K, reserved 1048576K
}
Event: 58.563 GC heap before
{Heap before GC invocations=49 (full 3):
 PSYoungGen      total 20480K, used 19541K [0x00000000eab00000, 0x00000000ec080000, 0x0000000100000000)
  eden space 18944K, 100% used [0x00000000eab00000,0x00000000ebd80000,0x00000000ebd80000)
  from space 1536K, 38% used [0x00000000ebe00000,0x00000000ebe95750,0x00000000ebf80000)
  to   space 1024K, 0% used [0x00000000ebf80000,0x00000000ebf80000,0x00000000ec080000)
 ParOldGen       total 68608K, used 62839K [0x00000000c0000000, 0x00000000c4300000, 0x00000000eab00000)
  object space 68608K, 91% used [0x00000000c0000000,0x00000000c3d5dd18,0x00000000c4300000)
 Metaspace       used 71014K, committed 72064K, reserved 1114112K
  class space    used 8083K, committed 8512K, reserved 1048576K
}
Event: 58.565 GC heap after
{Heap after GC invocations=49 (full 3):
 PSYoungGen      total 19968K, used 1014K [0x00000000eab00000, 0x00000000ec180000, 0x0000000100000000)
  eden space 18944K, 0% used [0x00000000eab00000,0x00000000eab00000,0x00000000ebd80000)
  from space 1024K, 99% used [0x00000000ebf80000,0x00000000ec07d8b0,0x00000000ec080000)
  to   space 2048K, 0% used [0x00000000ebd80000,0x00000000ebd80000,0x00000000ebf80000)
 ParOldGen       total 68608K, used 63287K [0x00000000c0000000, 0x00000000c4300000, 0x00000000eab00000)
  object space 68608K, 92% used [0x00000000c0000000,0x00000000c3dcdec8,0x00000000c4300000)
 Metaspace       used 71014K, committed 72064K, reserved 1114112K
  class space    used 8083K, committed 8512K, reserved 1048576K
}
Event: 58.684 GC heap before
{Heap before GC invocations=50 (full 3):
 PSYoungGen      total 19968K, used 19958K [0x00000000eab00000, 0x00000000ec180000, 0x0000000100000000)
  eden space 18944K, 100% used [0x00000000eab00000,0x00000000ebd80000,0x00000000ebd80000)
  from space 1024K, 99% used [0x00000000ebf80000,0x00000000ec07d8b0,0x00000000ec080000)
  to   space 2048K, 0% used [0x00000000ebd80000,0x00000000ebd80000,0x00000000ebf80000)
 ParOldGen       total 68608K, used 63287K [0x00000000c0000000, 0x00000000c4300000, 0x00000000eab00000)
  object space 68608K, 92% used [0x00000000c0000000,0x00000000c3dcdec8,0x00000000c4300000)
 Metaspace       used 71148K, committed 72192K, reserved 1114112K
  class space    used 8100K, committed 8512K, reserved 1048576K
}
Event: 58.687 GC heap after
{Heap after GC invocations=50 (full 3):
 PSYoungGen      total 20992K, used 2028K [0x00000000eab00000, 0x00000000ec480000, 0x0000000100000000)
  eden space 18944K, 0% used [0x00000000eab00000,0x00000000eab00000,0x00000000ebd80000)
  from space 2048K, 99% used [0x00000000ebd80000,0x00000000ebf7b008,0x00000000ebf80000)
  to   space 3584K, 0% used [0x00000000ec100000,0x00000000ec100000,0x00000000ec480000)
 ParOldGen       total 68608K, used 64261K [0x00000000c0000000, 0x00000000c4300000, 0x00000000eab00000)
  object space 68608K, 93% used [0x00000000c0000000,0x00000000c3ec1650,0x00000000c4300000)
 Metaspace       used 71148K, committed 72192K, reserved 1114112K
  class space    used 8100K, committed 8512K, reserved 1048576K
}
Event: 58.805 GC heap before
{Heap before GC invocations=51 (full 3):
 PSYoungGen      total 20992K, used 20972K [0x00000000eab00000, 0x00000000ec480000, 0x0000000100000000)
  eden space 18944K, 100% used [0x00000000eab00000,0x00000000ebd80000,0x00000000ebd80000)
  from space 2048K, 99% used [0x00000000ebd80000,0x00000000ebf7b008,0x00000000ebf80000)
  to   space 3584K, 0% used [0x00000000ec100000,0x00000000ec100000,0x00000000ec480000)
 ParOldGen       total 68608K, used 64261K [0x00000000c0000000, 0x00000000c4300000, 0x00000000eab00000)
  object space 68608K, 93% used [0x00000000c0000000,0x00000000c3ec1650,0x00000000c4300000)
 Metaspace       used 71148K, committed 72192K, reserved 1114112K
  class space    used 8100K, committed 8512K, reserved 1048576K
}
Event: 58.808 GC heap after
{Heap after GC invocations=51 (full 3):
 PSYoungGen      total 21504K, used 2296K [0x00000000eab00000, 0x00000000ec380000, 0x0000000100000000)
  eden space 18944K, 0% used [0x00000000eab00000,0x00000000eab00000,0x00000000ebd80000)
  from space 2560K, 89% used [0x00000000ec100000,0x00000000ec33e008,0x00000000ec380000)
  to   space 2560K, 0% used [0x00000000ebe80000,0x00000000ebe80000,0x00000000ec100000)
 ParOldGen       total 68608K, used 66081K [0x00000000c0000000, 0x00000000c4300000, 0x00000000eab00000)
  object space 68608K, 96% used [0x00000000c0000000,0x00000000c40887a0,0x00000000c4300000)
 Metaspace       used 71148K, committed 72192K, reserved 1114112K
  class space    used 8100K, committed 8512K, reserved 1048576K
}
Event: 59.025 GC heap before
{Heap before GC invocations=52 (full 3):
 PSYoungGen      total 21504K, used 21240K [0x00000000eab00000, 0x00000000ec380000, 0x0000000100000000)
  eden space 18944K, 100% used [0x00000000eab00000,0x00000000ebd80000,0x00000000ebd80000)
  from space 2560K, 89% used [0x00000000ec100000,0x00000000ec33e008,0x00000000ec380000)
  to   space 2560K, 0% used [0x00000000ebe80000,0x00000000ebe80000,0x00000000ec100000)
 ParOldGen       total 68608K, used 66081K [0x00000000c0000000, 0x00000000c4300000, 0x00000000eab00000)
  object space 68608K, 96% used [0x00000000c0000000,0x00000000c40887a0,0x00000000c4300000)
 Metaspace       used 71169K, committed 72192K, reserved 1114112K
  class space    used 8104K, committed 8512K, reserved 1048576K
}
Event: 59.029 GC heap after
{Heap after GC invocations=52 (full 3):
 PSYoungGen      total 20992K, used 1760K [0x00000000eab00000, 0x00000000ec180000, 0x0000000100000000)
  eden space 18944K, 0% used [0x00000000eab00000,0x00000000eab00000,0x00000000ebd80000)
  from space 2048K, 85% used [0x00000000ebe80000,0x00000000ec038338,0x00000000ec080000)
  to   space 1024K, 0% used [0x00000000ec080000,0x00000000ec080000,0x00000000ec180000)
 ParOldGen       total 68608K, used 68287K [0x00000000c0000000, 0x00000000c4300000, 0x00000000eab00000)
  object space 68608K, 99% used [0x00000000c0000000,0x00000000c42afdb8,0x00000000c4300000)
 Metaspace       used 71169K, committed 72192K, reserved 1114112K
  class space    used 8104K, committed 8512K, reserved 1048576K
}
Event: 59.029 GC heap before
{Heap before GC invocations=53 (full 4):
 PSYoungGen      total 20992K, used 1760K [0x00000000eab00000, 0x00000000ec180000, 0x0000000100000000)
  eden space 18944K, 0% used [0x00000000eab00000,0x00000000eab00000,0x00000000ebd80000)
  from space 2048K, 85% used [0x00000000ebe80000,0x00000000ec038338,0x00000000ec080000)
  to   space 1024K, 0% used [0x00000000ec080000,0x00000000ec080000,0x00000000ec180000)
 ParOldGen       total 68608K, used 68287K [0x00000000c0000000, 0x00000000c4300000, 0x00000000eab00000)
  object space 68608K, 99% used [0x00000000c0000000,0x00000000c42afdb8,0x00000000c4300000)
 Metaspace       used 71169K, committed 72192K, reserved 1114112K
  class space    used 8104K, committed 8512K, reserved 1048576K
}
Event: 59.109 GC heap after
{Heap after GC invocations=53 (full 4):
 PSYoungGen      total 19968K, used 0K [0x00000000eab00000, 0x00000000ec180000, 0x0000000100000000)
  eden space 18944K, 0% used [0x00000000eab00000,0x00000000eab00000,0x00000000ebd80000)
  from space 1024K, 0% used [0x00000000ec080000,0x00000000ec080000,0x00000000ec180000)
  to   space 2048K, 0% used [0x00000000ebd80000,0x00000000ebd80000,0x00000000ebf80000)
 ParOldGen       total 76800K, used 49056K [0x00000000c0000000, 0x00000000c4b00000, 0x00000000eab00000)
  object space 76800K, 63% used [0x00000000c0000000,0x00000000c2fe83c0,0x00000000c4b00000)
 Metaspace       used 71169K, committed 72192K, reserved 1114112K
  class space    used 8104K, committed 8512K, reserved 1048576K
}
Event: 59.343 GC heap before
{Heap before GC invocations=54 (full 4):
 PSYoungGen      total 19968K, used 18944K [0x00000000eab00000, 0x00000000ec180000, 0x0000000100000000)
  eden space 18944K, 100% used [0x00000000eab00000,0x00000000ebd80000,0x00000000ebd80000)
  from space 1024K, 0% used [0x00000000ec080000,0x00000000ec080000,0x00000000ec180000)
  to   space 2048K, 0% used [0x00000000ebd80000,0x00000000ebd80000,0x00000000ebf80000)
 ParOldGen       total 76800K, used 49056K [0x00000000c0000000, 0x00000000c4b00000, 0x00000000eab00000)
  object space 76800K, 63% used [0x00000000c0000000,0x00000000c2fe83c0,0x00000000c4b00000)
 Metaspace       used 71174K, committed 72192K, reserved 1114112K
  class space    used 8104K, committed 8512K, reserved 1048576K
}
Event: 59.345 GC heap after
{Heap after GC invocations=54 (full 4):
 PSYoungGen      total 20992K, used 1311K [0x00000000eab00000, 0x00000000ec100000, 0x0000000100000000)
  eden space 18944K, 0% used [0x00000000eab00000,0x00000000eab00000,0x00000000ebd80000)
  from space 2048K, 64% used [0x00000000ebd80000,0x00000000ebec7ee8,0x00000000ebf80000)
  to   space 1536K, 0% used [0x00000000ebf80000,0x00000000ebf80000,0x00000000ec100000)
 ParOldGen       total 76800K, used 49064K [0x00000000c0000000, 0x00000000c4b00000, 0x00000000eab00000)
  object space 76800K, 63% used [0x00000000c0000000,0x00000000c2fea3c0,0x00000000c4b00000)
 Metaspace       used 71174K, committed 72192K, reserved 1114112K
  class space    used 8104K, committed 8512K, reserved 1048576K
}
Event: 59.535 GC heap before
{Heap before GC invocations=55 (full 4):
 PSYoungGen      total 20992K, used 20255K [0x00000000eab00000, 0x00000000ec100000, 0x0000000100000000)
  eden space 18944K, 100% used [0x00000000eab00000,0x00000000ebd80000,0x00000000ebd80000)
  from space 2048K, 64% used [0x00000000ebd80000,0x00000000ebec7ee8,0x00000000ebf80000)
  to   space 1536K, 0% used [0x00000000ebf80000,0x00000000ebf80000,0x00000000ec100000)
 ParOldGen       total 76800K, used 49064K [0x00000000c0000000, 0x00000000c4b00000, 0x00000000eab00000)
  object space 76800K, 63% used [0x00000000c0000000,0x00000000c2fea3c0,0x00000000c4b00000)
 Metaspace       used 71210K, committed 72256K, reserved 1114112K
  class space    used 8107K, committed 8512K, reserved 1048576K
}
Event: 59.537 GC heap after
{Heap after GC invocations=55 (full 4):
 PSYoungGen      total 20480K, used 1506K [0x00000000eab00000, 0x00000000ec180000, 0x0000000100000000)
  eden space 18944K, 0% used [0x00000000eab00000,0x00000000eab00000,0x00000000ebd80000)
  from space 1536K, 98% used [0x00000000ebf80000,0x00000000ec0f8968,0x00000000ec100000)
  to   space 2048K, 0% used [0x00000000ebd80000,0x00000000ebd80000,0x00000000ebf80000)
 ParOldGen       total 76800K, used 49320K [0x00000000c0000000, 0x00000000c4b00000, 0x00000000eab00000)
  object space 76800K, 64% used [0x00000000c0000000,0x00000000c302a3c0,0x00000000c4b00000)
 Metaspace       used 71210K, committed 72256K, reserved 1114112K
  class space    used 8107K, committed 8512K, reserved 1048576K
}

