# JRE version: OpenJDK Runtime Environment Temurin-17.0.9+9 (17.0.9+9) (build 17.0.9+9)
# Java VM: OpenJDK 64-Bit Server VM Temurin-17.0.9+9 (17.0.9+9, mixed mode, tiered, compressed oops, compressed class ptrs, parallel gc, windows-amd64)
GC Precious Log:
 CPUs: 12 total, 12 available
 Memory: 6005M
 Large Page Support: Disabled
 NUMA Support: Disabled
 Compressed Oops: Enabled (32-bit)
 Alignments: Space 512K, Generation 512K, Heap 2M
 Heap Min Capacity: 100M
 Heap Initial Capacity: 100M
 Heap Max Capacity: 1G
 Pre-touch: Disabled
 Parallel Workers: 10
Heap:
 PSYoungGen      total 18944K, used 18469K [0x00000000eab00000, 0x00000000ec100000, 0x0000000100000000)
  eden space 15360K, 98% used [0x00000000eab00000,0x00000000eb9c1a70,0x00000000eba00000)
  from space 3584K, 93% used [0x00000000eba80000,0x00000000ebdc7be8,0x00000000ebe00000)
  to   space 3072K, 0% used [0x00000000ebe00000,0x00000000ebe00000,0x00000000ec100000)
 ParOldGen       total 68608K, used 59157K [0x00000000c0000000, 0x00000000c4300000, 0x00000000eab00000)
  object space 68608K, 86% used [0x00000000c0000000,0x00000000c39c5488,0x00000000c4300000)
 Metaspace       used 53834K, committed 54784K, reserved 1114112K
  class space    used 5747K, committed 6144K, reserved 1048576K
GC Heap History (20 events):
Event: 16.368 GC heap before
{Heap before GC invocations=24 (full 2):
 PSYoungGen      total 24576K, used 24512K [0x00000000eab00000, 0x00000000ec580000, 0x0000000100000000)
  eden space 22016K, 100% used [0x00000000eab00000,0x00000000ec080000,0x00000000ec080000)
  from space 2560K, 97% used [0x00000000ec080000,0x00000000ec2f0010,0x00000000ec300000)
  to   space 2560K, 0% used [0x00000000ec300000,0x00000000ec300000,0x00000000ec580000)
 ParOldGen       total 68608K, used 29637K [0x00000000c0000000, 0x00000000c4300000, 0x00000000eab00000)
  object space 68608K, 43% used [0x00000000c0000000,0x00000000c1cf14f8,0x00000000c4300000)
 Metaspace       used 53157K, committed 54016K, reserved 1114112K
  class space    used 5705K, committed 6080K, reserved 1048576K
}
Event: 16.373 GC heap after
{Heap after GC invocations=24 (full 2):
 PSYoungGen      total 24576K, used 2144K [0x00000000eab00000, 0x00000000ec580000, 0x0000000100000000)
  eden space 22016K, 0% used [0x00000000eab00000,0x00000000eab00000,0x00000000ec080000)
  from space 2560K, 83% used [0x00000000ec300000,0x00000000ec518000,0x00000000ec580000)
  to   space 2560K, 0% used [0x00000000ec080000,0x00000000ec080000,0x00000000ec300000)
 ParOldGen       total 68608K, used 32019K [0x00000000c0000000, 0x00000000c4300000, 0x00000000eab00000)
  object space 68608K, 46% used [0x00000000c0000000,0x00000000c1f44d88,0x00000000c4300000)
 Metaspace       used 53157K, committed 54016K, reserved 1114112K
  class space    used 5705K, committed 6080K, reserved 1048576K
}
Event: 16.932 GC heap before
{Heap before GC invocations=25 (full 2):
 PSYoungGen      total 24576K, used 24160K [0x00000000eab00000, 0x00000000ec580000, 0x0000000100000000)
  eden space 22016K, 100% used [0x00000000eab00000,0x00000000ec080000,0x00000000ec080000)
  from space 2560K, 83% used [0x00000000ec300000,0x00000000ec518000,0x00000000ec580000)
  to   space 2560K, 0% used [0x00000000ec080000,0x00000000ec080000,0x00000000ec300000)
 ParOldGen       total 68608K, used 32019K [0x00000000c0000000, 0x00000000c4300000, 0x00000000eab00000)
  object space 68608K, 46% used [0x00000000c0000000,0x00000000c1f44d88,0x00000000c4300000)
 Metaspace       used 53442K, committed 54464K, reserved 1114112K
  class space    used 5727K, committed 6144K, reserved 1048576K
}
Event: 16.937 GC heap after
{Heap after GC invocations=25 (full 2):
 PSYoungGen      total 24576K, used 2556K [0x00000000eab00000, 0x00000000ecb80000, 0x0000000100000000)
  eden space 22016K, 0% used [0x00000000eab00000,0x00000000eab00000,0x00000000ec080000)
  from space 2560K, 99% used [0x00000000ec080000,0x00000000ec2ff0e0,0x00000000ec300000)
  to   space 5632K, 0% used [0x00000000ec600000,0x00000000ec600000,0x00000000ecb80000)
 ParOldGen       total 68608K, used 34393K [0x00000000c0000000, 0x00000000c4300000, 0x00000000eab00000)
  object space 68608K, 50% used [0x00000000c0000000,0x00000000c2196550,0x00000000c4300000)
 Metaspace       used 53442K, committed 54464K, reserved 1114112K
  class space    used 5727K, committed 6144K, reserved 1048576K
}
Event: 17.320 GC heap before
{Heap before GC invocations=26 (full 2):
 PSYoungGen      total 24576K, used 24572K [0x00000000eab00000, 0x00000000ecb80000, 0x0000000100000000)
  eden space 22016K, 100% used [0x00000000eab00000,0x00000000ec080000,0x00000000ec080000)
  from space 2560K, 99% used [0x00000000ec080000,0x00000000ec2ff0e0,0x00000000ec300000)
  to   space 5632K, 0% used [0x00000000ec600000,0x00000000ec600000,0x00000000ecb80000)
 ParOldGen       total 68608K, used 34393K [0x00000000c0000000, 0x00000000c4300000, 0x00000000eab00000)
  object space 68608K, 50% used [0x00000000c0000000,0x00000000c2196550,0x00000000c4300000)
 Metaspace       used 53534K, committed 54528K, reserved 1114112K
  class space    used 5730K, committed 6144K, reserved 1048576K
}
Event: 17.325 GC heap after
{Heap after GC invocations=26 (full 2):
 PSYoungGen      total 25088K, used 2622K [0x00000000eab00000, 0x00000000ec900000, 0x0000000100000000)
  eden space 22016K, 0% used [0x00000000eab00000,0x00000000eab00000,0x00000000ec080000)
  from space 3072K, 85% used [0x00000000ec600000,0x00000000ec88f9f0,0x00000000ec900000)
  to   space 3584K, 0% used [0x00000000ec200000,0x00000000ec200000,0x00000000ec580000)
 ParOldGen       total 68608K, used 36861K [0x00000000c0000000, 0x00000000c4300000, 0x00000000eab00000)
  object space 68608K, 53% used [0x00000000c0000000,0x00000000c23ff7c0,0x00000000c4300000)
 Metaspace       used 53534K, committed 54528K, reserved 1114112K
  class space    used 5730K, committed 6144K, reserved 1048576K
}
Event: 17.751 GC heap before
{Heap before GC invocations=27 (full 2):
 PSYoungGen      total 25088K, used 24638K [0x00000000eab00000, 0x00000000ec900000, 0x0000000100000000)
  eden space 22016K, 100% used [0x00000000eab00000,0x00000000ec080000,0x00000000ec080000)
  from space 3072K, 85% used [0x00000000ec600000,0x00000000ec88f9f0,0x00000000ec900000)
  to   space 3584K, 0% used [0x00000000ec200000,0x00000000ec200000,0x00000000ec580000)
 ParOldGen       total 68608K, used 36861K [0x00000000c0000000, 0x00000000c4300000, 0x00000000eab00000)
  object space 68608K, 53% used [0x00000000c0000000,0x00000000c23ff7c0,0x00000000c4300000)
 Metaspace       used 53643K, committed 54592K, reserved 1114112K
  class space    used 5733K, committed 6144K, reserved 1048576K
}
Event: 17.755 GC heap after
{Heap after GC invocations=27 (full 2):
 PSYoungGen      total 25088K, used 2741K [0x00000000eab00000, 0x00000000ec680000, 0x0000000100000000)
  eden space 22016K, 0% used [0x00000000eab00000,0x00000000eab00000,0x00000000ec080000)
  from space 3072K, 89% used [0x00000000ec200000,0x00000000ec4ad698,0x00000000ec500000)
  to   space 1536K, 0% used [0x00000000ec500000,0x00000000ec500000,0x00000000ec680000)
 ParOldGen       total 68608K, used 38955K [0x00000000c0000000, 0x00000000c4300000, 0x00000000eab00000)
  object space 68608K, 56% used [0x00000000c0000000,0x00000000c260ae88,0x00000000c4300000)
 Metaspace       used 53643K, committed 54592K, reserved 1114112K
  class space    used 5733K, committed 6144K, reserved 1048576K
}
Event: 18.167 GC heap before
{Heap before GC invocations=28 (full 2):
 PSYoungGen      total 25088K, used 24757K [0x00000000eab00000, 0x00000000ec680000, 0x0000000100000000)
  eden space 22016K, 100% used [0x00000000eab00000,0x00000000ec080000,0x00000000ec080000)
  from space 3072K, 89% used [0x00000000ec200000,0x00000000ec4ad698,0x00000000ec500000)
  to   space 1536K, 0% used [0x00000000ec500000,0x00000000ec500000,0x00000000ec680000)
 ParOldGen       total 68608K, used 38955K [0x00000000c0000000, 0x00000000c4300000, 0x00000000eab00000)
  object space 68608K, 56% used [0x00000000c0000000,0x00000000c260ae88,0x00000000c4300000)
 Metaspace       used 53712K, committed 54720K, reserved 1114112K
  class space    used 5733K, committed 6144K, reserved 1048576K
}
Event: 18.172 GC heap after
{Heap after GC invocations=28 (full 2):
 PSYoungGen      total 20992K, used 1521K [0x00000000eab00000, 0x00000000ece80000, 0x0000000100000000)
  eden space 19456K, 0% used [0x00000000eab00000,0x00000000eab00000,0x00000000ebe00000)
  from space 1536K, 99% used [0x00000000ec500000,0x00000000ec67c450,0x00000000ec680000)
  to   space 7168K, 0% used [0x00000000ebe00000,0x00000000ebe00000,0x00000000ec500000)
 ParOldGen       total 68608K, used 43820K [0x00000000c0000000, 0x00000000c4300000, 0x00000000eab00000)
  object space 68608K, 63% used [0x00000000c0000000,0x00000000c2acb2a8,0x00000000c4300000)
 Metaspace       used 53712K, committed 54720K, reserved 1114112K
  class space    used 5733K, committed 6144K, reserved 1048576K
}
Event: 18.626 GC heap before
{Heap before GC invocations=29 (full 2):
 PSYoungGen      total 20992K, used 20977K [0x00000000eab00000, 0x00000000ece80000, 0x0000000100000000)
  eden space 19456K, 100% used [0x00000000eab00000,0x00000000ebe00000,0x00000000ebe00000)
  from space 1536K, 99% used [0x00000000ec500000,0x00000000ec67c450,0x00000000ec680000)
  to   space 7168K, 0% used [0x00000000ebe00000,0x00000000ebe00000,0x00000000ec500000)
 ParOldGen       total 68608K, used 43820K [0x00000000c0000000, 0x00000000c4300000, 0x00000000eab00000)
  object space 68608K, 63% used [0x00000000c0000000,0x00000000c2acb2a8,0x00000000c4300000)
 Metaspace       used 53736K, committed 54720K, reserved 1114112K
  class space    used 5733K, committed 6144K, reserved 1048576K
}
Event: 18.629 GC heap after
{Heap after GC invocations=29 (full 2):
 PSYoungGen      total 22528K, used 2805K [0x00000000eab00000, 0x00000000ec600000, 0x0000000100000000)
  eden space 19456K, 0% used [0x00000000eab00000,0x00000000eab00000,0x00000000ebe00000)
  from space 3072K, 91% used [0x00000000ebe00000,0x00000000ec0bd738,0x00000000ec100000)
  to   space 4096K, 0% used [0x00000000ec200000,0x00000000ec200000,0x00000000ec600000)
 ParOldGen       total 68608K, used 45300K [0x00000000c0000000, 0x00000000c4300000, 0x00000000eab00000)
  object space 68608K, 66% used [0x00000000c0000000,0x00000000c2c3d0b8,0x00000000c4300000)
 Metaspace       used 53736K, committed 54720K, reserved 1114112K
  class space    used 5733K, committed 6144K, reserved 1048576K
}
Event: 19.552 GC heap before
{Heap before GC invocations=30 (full 2):
 PSYoungGen      total 22528K, used 22261K [0x00000000eab00000, 0x00000000ec600000, 0x0000000100000000)
  eden space 19456K, 100% used [0x00000000eab00000,0x00000000ebe00000,0x00000000ebe00000)
  from space 3072K, 91% used [0x00000000ebe00000,0x00000000ec0bd738,0x00000000ec100000)
  to   space 4096K, 0% used [0x00000000ec200000,0x00000000ec200000,0x00000000ec600000)
 ParOldGen       total 68608K, used 45300K [0x00000000c0000000, 0x00000000c4300000, 0x00000000eab00000)
  object space 68608K, 66% used [0x00000000c0000000,0x00000000c2c3d0b8,0x00000000c4300000)
 Metaspace       used 53793K, committed 54784K, reserved 1114112K
  class space    used 5742K, committed 6144K, reserved 1048576K
}
Event: 19.557 GC heap after
{Heap after GC invocations=30 (full 2):
 PSYoungGen      total 19456K, used 4075K [0x00000000eab00000, 0x00000000ece00000, 0x0000000100000000)
  eden space 15360K, 0% used [0x00000000eab00000,0x00000000eab00000,0x00000000eba00000)
  from space 4096K, 99% used [0x00000000ec200000,0x00000000ec5faca8,0x00000000ec600000)
  to   space 8192K, 0% used [0x00000000eba00000,0x00000000eba00000,0x00000000ec200000)
 ParOldGen       total 68608K, used 48390K [0x00000000c0000000, 0x00000000c4300000, 0x00000000eab00000)
  object space 68608K, 70% used [0x00000000c0000000,0x00000000c2f419c8,0x00000000c4300000)
 Metaspace       used 53793K, committed 54784K, reserved 1114112K
  class space    used 5742K, committed 6144K, reserved 1048576K
}
Event: 20.850 GC heap before
{Heap before GC invocations=31 (full 2):
 PSYoungGen      total 19456K, used 19435K [0x00000000eab00000, 0x00000000ece00000, 0x0000000100000000)
  eden space 15360K, 100% used [0x00000000eab00000,0x00000000eba00000,0x00000000eba00000)
  from space 4096K, 99% used [0x00000000ec200000,0x00000000ec5faca8,0x00000000ec600000)
  to   space 8192K, 0% used [0x00000000eba00000,0x00000000eba00000,0x00000000ec200000)
 ParOldGen       total 68608K, used 48390K [0x00000000c0000000, 0x00000000c4300000, 0x00000000eab00000)
  object space 68608K, 70% used [0x00000000c0000000,0x00000000c2f419c8,0x00000000c4300000)
 Metaspace       used 53800K, committed 54784K, reserved 1114112K
  class space    used 5743K, committed 6144K, reserved 1048576K
}
Event: 20.857 GC heap after
{Heap after GC invocations=31 (full 2):
 PSYoungGen      total 18944K, used 3481K [0x00000000eab00000, 0x00000000ec400000, 0x0000000100000000)
  eden space 15360K, 0% used [0x00000000eab00000,0x00000000eab00000,0x00000000eba00000)
  from space 3584K, 97% used [0x00000000eba00000,0x00000000ebd667f0,0x00000000ebd80000)
  to   space 5120K, 0% used [0x00000000ebf00000,0x00000000ebf00000,0x00000000ec400000)
 ParOldGen       total 68608K, used 52459K [0x00000000c0000000, 0x00000000c4300000, 0x00000000eab00000)
  object space 68608K, 76% used [0x00000000c0000000,0x00000000c333af10,0x00000000c4300000)
 Metaspace       used 53800K, committed 54784K, reserved 1114112K
  class space    used 5743K, committed 6144K, reserved 1048576K
}
Event: 21.432 GC heap before
{Heap before GC invocations=32 (full 2):
 PSYoungGen      total 18944K, used 18841K [0x00000000eab00000, 0x00000000ec400000, 0x0000000100000000)
  eden space 15360K, 100% used [0x00000000eab00000,0x00000000eba00000,0x00000000eba00000)
  from space 3584K, 97% used [0x00000000eba00000,0x00000000ebd667f0,0x00000000ebd80000)
  to   space 5120K, 0% used [0x00000000ebf00000,0x00000000ebf00000,0x00000000ec400000)
 ParOldGen       total 68608K, used 52459K [0x00000000c0000000, 0x00000000c4300000, 0x00000000eab00000)
  object space 68608K, 76% used [0x00000000c0000000,0x00000000c333af10,0x00000000c4300000)
 Metaspace       used 53805K, committed 54784K, reserved 1114112K
  class space    used 5743K, committed 6144K, reserved 1048576K
}
Event: 21.437 GC heap after
{Heap after GC invocations=32 (full 2):
 PSYoungGen      total 18944K, used 3466K [0x00000000eab00000, 0x00000000ec280000, 0x0000000100000000)
  eden space 15360K, 0% used [0x00000000eab00000,0x00000000eab00000,0x00000000eba00000)
  from space 3584K, 96% used [0x00000000ebf00000,0x00000000ec2629a0,0x00000000ec280000)
  to   space 4096K, 0% used [0x00000000eba80000,0x00000000eba80000,0x00000000ebe80000)
 ParOldGen       total 68608K, used 55770K [0x00000000c0000000, 0x00000000c4300000, 0x00000000eab00000)
  object space 68608K, 81% used [0x00000000c0000000,0x00000000c3676b18,0x00000000c4300000)
 Metaspace       used 53805K, committed 54784K, reserved 1114112K
  class space    used 5743K, committed 6144K, reserved 1048576K
}
Event: 22.184 GC heap before
{Heap before GC invocations=33 (full 2):
 PSYoungGen      total 18944K, used 18826K [0x00000000eab00000, 0x00000000ec280000, 0x0000000100000000)
  eden space 15360K, 100% used [0x00000000eab00000,0x00000000eba00000,0x00000000eba00000)
  from space 3584K, 96% used [0x00000000ebf00000,0x00000000ec2629a0,0x00000000ec280000)
  to   space 4096K, 0% used [0x00000000eba80000,0x00000000eba80000,0x00000000ebe80000)
 ParOldGen       total 68608K, used 55770K [0x00000000c0000000, 0x00000000c4300000, 0x00000000eab00000)
  object space 68608K, 81% used [0x00000000c0000000,0x00000000c3676b18,0x00000000c4300000)
 Metaspace       used 53826K, committed 54784K, reserved 1114112K
  class space    used 5747K, committed 6144K, reserved 1048576K
}
Event: 22.189 GC heap after
{Heap after GC invocations=33 (full 2):
 PSYoungGen      total 18944K, used 3358K [0x00000000eab00000, 0x00000000ec100000, 0x0000000100000000)
  eden space 15360K, 0% used [0x00000000eab00000,0x00000000eab00000,0x00000000eba00000)
  from space 3584K, 93% used [0x00000000eba80000,0x00000000ebdc7be8,0x00000000ebe00000)
  to   space 3072K, 0% used [0x00000000ebe00000,0x00000000ebe00000,0x00000000ec100000)
 ParOldGen       total 68608K, used 59157K [0x00000000c0000000, 0x00000000c4300000, 0x00000000eab00000)
  object space 68608K, 86% used [0x00000000c0000000,0x00000000c39c5488,0x00000000c4300000)
 Metaspace       used 53826K, committed 54784K, reserved 1114112K
  class space    used 5747K, committed 6144K, reserved 1048576K
}

